The Not name error occured in line: "Пенг42 euxtjquwo@mail.ru 32"
The Not email error occured in line: "Пенг grnsf.mail.ru 70"
Prohibited characters are used in the age field in line: "Владимир 8 gumxfigvam"
The specified age is not suitable in line: "Джамшут tyyolvkn@ya.ru 7"
The specified age is not suitable in line: "Дмитрий sdw@gmail.com 101"
The Not email error occured in line: "Ольга kbzjth 13"
The specified age is not suitable in line: "Джигурда arlmdlrn@mail.ru 7"
The specified age is not suitable in line: "Волочкова tgnrnmo@mail.ru 9"
The Not email error occured in line: "Чонгкун iflyyvp.ru 73"
The Not name error occured in line: "Ярослав42 ffcbzt@gmail.com 74"
The specified age is not suitable in line: "Яочуан xi@mail.ru 100"
The specified age is not suitable in line: "Земфира jqwpvljxg@mail.ru 7"
The Not name error occured in line: "Гнойный666 zrjzfsdyqr@mail.ru 95"
Prohibited characters are used in the age field in line: "Ярослав 63 jlygzs@gmail.com"
The Not email error occured in line: "Джамшут lsruraertfigvam 13"
The specified age is not suitable in line: "Яочуан wmzvcqqyve@ya.ru 100"
The Not name error occured in line: "Земфира42 rwkzbyao@gmail.com 68"
The specified age is not suitable in line: "Ли iahmkzj@ya.ru 8"
The Not name error occured in line: "Пенг666 ms@ya.ru 93"
The specified age is not suitable in line: "Чонгкун ngdbn@ya.ru 101"
The line does not contain one or more fields in line: "41 wks@gmail.com"
The specified age is not suitable in line: "Тролль oprzfut@ya.ru 7"
The line does not contain one or more fields in line: "Михаил yi@mail.ru"
The Not name error occured in line: "Ольга666 utlpnwgik@ya.ru 68"
Prohibited characters are used in the age field in line: "Хенг 96 brxe@ya.ru"
The specified age is not suitable in line: "Дмитрий zraliqjrtm@gmail.com 7"
The Not email error occured in line: "Дмитрий tubdfigvam 47"
The Not email error occured in line: "Яочуан cgznlvna 98"
The specified age is not suitable in line: "Нагиев fflxrbzszh@ya.ru 101"
The specified age is not suitable in line: "Геннадий gr@mail.ru 8"
The line does not contain one or more fields in line: "wntxmmh@mail.ru"
The Not email error occured in line: "Анна pj.ru 95"
The line does not contain one or more fields in line: "85"
The Not name error occured in line: "Ли666 xxqskfbpvd@gmail.com 14"
The Not name error occured in line: "Яочуан666 gmak@mail.ru 57"
The specified age is not suitable in line: "Джигурда hmyhkidqn@ya.ru 8"
The Not name error occured in line: "Гнойный42 sbhrryli@gmail.com 29"
The Not name error occured in line: "Ли42 ktcrzpnp@ya.ru 29"
The Not email error occured in line: "Хенг yefrwjcttf 11"
The Not name error occured in line: "Анна666 kko@gmail.com 81"
The Not name error occured in line: "Тролль666 nsocnzas.mail.ru 82"
The line does not contain one or more fields in line: "Земфира 86"
The line does not contain one or more fields in line: ""
The specified age is not suitable in line: "Нагиев qwtqnx@ya.ru 8"
The specified age is not suitable in line: "Дмитрий qh@mail.ru 7"
The specified age is not suitable in line: "Анна ljaznlcz@mail.ru 7"
The Not email error occured in line: "Земфира zpfvcvb 97"
The Not email error occured in line: "Ван vbfigvam 93"
The Not email error occured in line: "Ван dlvxhrcf 22"
Prohibited characters are used in the age field in line: "Геннадий 12 lrznx@gmail.com"
The line does not contain one or more fields in line: "48 gfedb@mail.ru"
The line does not contain one or more fields in line: "Пенг libyhk@mail.ru"
The Not name error occured in line: "Анна42 pcjyji@mail.ru 52"
The Not email error occured in line: "Артём isoxlfcoeb.mail.ru 62"
The specified age is not suitable in line: "Земфира cfsycaqk@gmail.com 9"
The specified age is not suitable in line: "Земфира xygxmdh@mail.ru 8"
Prohibited characters are used in the age field in line: "Хенг 97 mpqzthnd@mail.ru"
The specified age is not suitable in line: "Сянцзян buku@mail.ru 9"
The specified age is not suitable in line: "Пенг kdcyiitl@mail.ru 9"
The specified age is not suitable in line: "Гнойный wgmbkof@gmail.com 100"
The Not name error occured in line: "Волочкова42 efe@ya.ru 79"
The line does not contain one or more fields in line: "64"
The Not name error occured in line: "Нагиев666 txccjjszt@ya.ru 17"
The Not email error occured in line: "Гнойный ai.ru 36"
Prohibited characters are used in the age field in line: "Земфира 15 rttzfh@ya.ru"
The line does not contain one or more fields in line: ""
The Not email error occured in line: "Ли dyhelbnsiefigvam 31"
Prohibited characters are used in the age field in line: "Ольга 65 fl@mail.ru"
The specified age is not suitable in line: "Артём elf@mail.ru 101"
The Not name error occured in line: "Бузова42 kcysx@mail.ru 25"
The Not email error occured in line: "Ван cohymcu.mail.ru 93"
The specified age is not suitable in line: "Бузова gqt@ya.ru 8"
The specified age is not suitable in line: "Пенг lmymg@ya.ru 100"
The line does not contain one or more fields in line: "54 dsohvsqen@ya.ru"
The Not email error occured in line: "Владимир zvmklam 15"
The Not email error occured in line: "Гнойный kt.mail.ru 91"
The line does not contain one or more fields in line: "91 rvgzbnl@gmail.com"
The specified age is not suitable in line: "Ольга dvbnqqtcd@ya.ru 7"
The specified age is not suitable in line: "Геннадий kvpbwddtk@mail.ru 101"
Prohibited characters are used in the age field in line: "Нагиев 35 txgfbp@gmail.com"
The Not name error occured in line: "Анна666 ykjlvew@gmail.com 85"
The Not name error occured in line: "Ольга42 wbdv@gmail.com 42"
The Not name error occured in line: "Ольга42 mgjmyuavwj@mail.ru 25"
The specified age is not suitable in line: "Муммий cwxiewt@gmail.com 101"
The Not email error occured in line: "Джигурда fjeiqo.mail.ru 90"
The specified age is not suitable in line: "Ли eowsjrz@ya.ru 7"
The specified age is not suitable in line: "Артём qqlssl@gmail.com 9"
The specified age is not suitable in line: "Сянцзян jxognvpf@mail.ru 100"
The line does not contain one or more fields in line: "Владимир"
The Not email error occured in line: "Джамшут redwfigvam 60"
The specified age is not suitable in line: "Тролль!!!!1 tnkugfise@ya.ru 9"
The Not name error occured in line: "Ярослав!!!!1 mhfkmlfigvam 35"
The Not email error occured in line: "Земфира lgcrl 83"
The specified age is not suitable in line: "Мария plogsfhjr@gmail.com 7"
The Not name error occured in line: "Джигурда666 hirbb@ya.ru 14"
The line does not contain one or more fields in line: "37"
The line does not contain one or more fields in line: "Владимир"
The specified age is not suitable in line: "Ярослав zektqtg@ya.ru 100"
The specified age is not suitable in line: "Ли fnz@ya.ru 7"
The Not email error occured in line: "Ярослав jjeowwmen 75"
The line does not contain one or more fields in line: ""
The specified age is not suitable in line: "Пенг qlxws@gmail.com 7"
The Not name error occured in line: "Геннадий!!!!1 oqkolaurl@mail.ru 16"
The Not email error occured in line: "Владимир zwmnwxc 69"
The specified age is not suitable in line: "Джигурда xoq@gmail.com 7"
The specified age is not suitable in line: "Артём ucgzuvud@gmail.com 9"
Prohibited characters are used in the age field in line: "Земфира 33 xavvzbe@mail.ru"
The Not name error occured in line: "Гнойный666 dhqinljcm@ya.ru 86"
The line does not contain one or more fields in line: ""
The Not email error occured in line: "Степан doddcyqspo 86"
The Not email error occured in line: "Муммий kfyzcv.mail.ru 38"
The specified age is not suitable in line: "Пенг lfjzkftwfn@ya.ru 8"
The specified age is not suitable in line: "Муммий kwsdchxc@mail.ru 8"
The Not email error occured in line: "Пенг ycvfigvam 91"
The specified age is not suitable in line: "Мария uslq@ya.ru 9"
The Not name error occured in line: "Мария666 ax@ya.ru 10"
The Not name error occured in line: "Ольга666 xhpowfavv@mail.ru 16"
The line does not contain one or more fields in line: ""
The specified age is not suitable in line: "Степан btscwz@mail.ru 101"
The line does not contain one or more fields in line: "51"
The line does not contain one or more fields in line: ""
The Not email error occured in line: "Чонгкун jiqwzjx 63"
The specified age is not suitable in line: "Яочуан mtgjp@mail.ru 101"
The specified age is not suitable in line: "Ольга aorfimupuq@ya.ru 100"
The specified age is not suitable in line: "Равшан qwj@gmail.com 101"
The Not name error occured in line: "Равшан!!!!1 ee@gmail.com 57"
The line does not contain one or more fields in line: "Бузова aquuftkrh@gmail.com"
Prohibited characters are used in the age field in line: "Геннадий 36 nfsxqtabzt@gmail.com"
The specified age is not suitable in line: "Михаил hidos@gmail.com 101"
The Not name error occured in line: "Михаил666 pvabwwymp@gmail.com 88"
The Not name error occured in line: "Нагиев666 xwnmfigvam 59"
The Not name error occured in line: "Муммий!!!!1 tsfowgyt@ya.ru 89"
The Not name error occured in line: "Равшан666 evayobrerz@mail.ru 52"
The line does not contain one or more fields in line: ""
Prohibited characters are used in the age field in line: "Нагиев 72 crek@ya.ru"
The specified age is not suitable in line: "Тролль yauqsnry@gmail.com 9"
The specified age is not suitable in line: "Сянцзян666 phdjniunaf@ya.ru 8"
The specified age is not suitable in line: "Хенг yneo@mail.ru 8"
The Not name error occured in line: "Ли666 ga@gmail.com 46"
The specified age is not suitable in line: "Анна wkguvadej 8"
The Not name error occured in line: "Равшан42 qrmfi@mail.ru 29"
Prohibited characters are used in the age field in line: "Волочкова 42 iqqkfxew@mail.ru"
The Not name error occured in line: "Ольга42 eyplplbdvp@gmail.com 28"
The Not email error occured in line: "Земфира fnlsuuge 48"
The Not email error occured in line: "Ли znfhr 44"
Prohibited characters are used in the age field in line: "Гнойный 48 iwli@mail.ru"
The Not email error occured in line: "Ли atqhh.ru 99"
The Not name error occured in line: "Анна!!!!1 bqktw@gmail.com 65"
The specified age is not suitable in line: "Чехова rigd@ya.ru 7"
The line does not contain one or more fields in line: "98 xp@mail.ru"
Prohibited characters are used in the age field in line: "Земфира 36 nffdhs@ya.ru"
The line does not contain one or more fields in line: "Муммий 79"
The specified age is not suitable in line: "Волочкова42 toijyvt@gmail.com 7"
The Not email error occured in line: "Сянцзян kotbwuibd 39"
The specified age is not suitable in line: "Нагиев zoz@mail.ru 9"
The line does not contain one or more fields in line: "13 eqghsyv@ya.ru"
The specified age is not suitable in line: "Геннадий ogn@mail.ru 9"
The Not email error occured in line: "Анна lyrzfigvam 50"
The Not name error occured in line: "Ван!!!!1 dekbmeygdv@gmail.com 17"
Prohibited characters are used in the age field in line: "Артём 62 xaxwwtnhm"
The specified age is not suitable in line: "Ольга uz@mail.ru 101"
The specified age is not suitable in line: "Нагиев opru@mail.ru 100"
The Not name error occured in line: "Равшан!!!!1 gfaefwi@gmail.com 79"
The line does not contain one or more fields in line: "65 iptmugr@mail.ru"
The line does not contain one or more fields in line: "Хенг"
The line does not contain one or more fields in line: ""
The Not name error occured in line: "Ли666 lyfmfp@ya.ru 96"
The Not name error occured in line: "Нагиев42 ym@mail.ru 27"
The Not email error occured in line: "Анна hffigvam 43"
The line does not contain one or more fields in line: "Ван"
Prohibited characters are used in the age field in line: "Ярослав 63 sexveg@gmail.com"
The Not name error occured in line: "Ольга!!!!1 cjujuc@ya.ru 35"
The specified age is not suitable in line: "Пенг loyfqih@mail.ru 7"
The Not email error occured in line: "Равшан nkbkkxutvtfigvam 57"
The line does not contain one or more fields in line: "Тролль"
The specified age is not suitable in line: "Дмитрий gdpplo@mail.ru 9"
The specified age is not suitable in line: "Яочуан ulwxku@gmail.com 8"
The Not email error occured in line: "Равшан yva.mail.ru 21"
The Not email error occured in line: "Ван rtndt 79"
The Not email error occured in line: "Ярослав qlqsfigvam 70"
Prohibited characters are used in the age field in line: "Мария 72 dgsvr@ya.ru"
The Not name error occured in line: "Волочкова666 fiyzyx@mail.ru 47"
The specified age is not suitable in line: "Артём hdgpkrw@ya.ru 100"
The Not name error occured in line: "Джамшут666 bkuptdyvdz@ya.ru 61"
The specified age is not suitable in line: "Ли ofkclep@mail.ru 9"
The Not name error occured in line: "Ольга666 mfjyl@mail.ru 22"
The Not email error occured in line: "Нагиев vqqufigvam 31"
The Not name error occured in line: "Муммий!!!!1 qpodw@mail.ru 32"
The specified age is not suitable in line: "Владимир cnvfq@gmail.com 7"
The Not name error occured in line: "Джигурда!!!!1 zrhuigzsnf@mail.ru 34"
The specified age is not suitable in line: "Джигурда orcpss@ya.ru 100"
The specified age is not suitable in line: "Ли boguqbuu@gmail.com 7"
The Not email error occured in line: "Ольга pgtl.ru 98"
The Not email error occured in line: "Мария mspjbfigvam 36"
The line does not contain one or more fields in line: "Сянцзян"
The specified age is not suitable in line: "Равшан mdokjjrnvg@mail.ru 7"
The Not email error occured in line: "Мария oig 76"
The Not email error occured in line: "Тролль ghjropl.mail.ru 85"
The specified age is not suitable in line: "Волочкова oe@gmail.com 101"
The line does not contain one or more fields in line: ""
The Not email error occured in line: "Земфира ybk.ru 85"
The Not email error occured in line: "Ольга vocfyjidrb 20"
The specified age is not suitable in line: "Тролль vrqgob@mail.ru 8"
The Not email error occured in line: "Мария fqpnhwlj.mail.ru 46"
The Not name error occured in line: "Ли!!!!1 zhw@mail.ru 10"
The Not name error occured in line: "Хенг666 agjhusbkoe@gmail.com 33"
The Not name error occured in line: "Равшан42 ncmjadmmh@ya.ru 95"
The line does not contain one or more fields in line: "58 xomfg@mail.ru"
The Not name error occured in line: "Нагиев42 wara@mail.ru 24"
The specified age is not suitable in line: "Артём fyypnlxwa@mail.ru 8"
The specified age is not suitable in line: "Анна uepiyqy@mail.ru 101"
The Not email error occured in line: "Ярослав hhirwcetv 80"
The specified age is not suitable in line: "Пенг mkuiungv@mail.ru 9"
The Not name error occured in line: "Михаил666 iggl@ya.ru 78"
The specified age is not suitable in line: "Пенг fcj@gmail.com 101"
The line does not contain one or more fields in line: ""
The Not name error occured in line: "Ольга!!!!1 lpqimz@mail.ru 72"
The specified age is not suitable in line: "Волочкова uajtxxoc@gmail.com 100"
The line does not contain one or more fields in line: "31"
The specified age is not suitable in line: "Ван yrz.mail.ru 101"
The line does not contain one or more fields in line: "Геннадий jlonbdf@mail.ru"
The Not name error occured in line: "Михаил!!!!1 dicke@ya.ru 97"
The specified age is not suitable in line: "Владимир xmwfayrc@ya.ru 8"
The Not email error occured in line: "Ван fvtrkbbenj.ru 26"
The specified age is not suitable in line: "Яочуан bs@mail.ru 7"
The line does not contain one or more fields in line: "Ярослав"
The Not name error occured in line: "Анна42 zcs@mail.ru 42"
The line does not contain one or more fields in line: "Муммий 90"
The Not name error occured in line: "Анна42 vhhwftfcg@mail.ru 53"
The specified age is not suitable in line: "Степан jjzi@mail.ru 7"
The line does not contain one or more fields in line: ""
The specified age is not suitable in line: "Нагиев666 wteoex@mail.ru 9"
The line does not contain one or more fields in line: "81 nett@gmail.com"
The specified age is not suitable in line: "Дмитрий xb@ya.ru 100"
The Not email error occured in line: "Муммий uiafigvam 62"
The Not name error occured in line: "Хенг!!!!1 osyznzo@ya.ru 67"
The Not name error occured in line: "Сянцзян666 xregmycxtn@ya.ru 95"
The Not email error occured in line: "Ли lztfjuh 22"
Prohibited characters are used in the age field in line: "Геннадий 94 xhuwmic@gmail.com"
The line does not contain one or more fields in line: ""
The Not email error occured in line: "Джигурда mwqdkzok.ru 83"
The specified age is not suitable in line: "Гнойный udxi@gmail.com 101"
The line does not contain one or more fields in line: "tq@mail.ru"
The specified age is not suitable in line: "Ольга ct@mail.ru 100"
The Not name error occured in line: "Чонгкун42 qhedc@ya.ru 59"
The Not name error occured in line: "Геннадий42 aespu@mail.ru 97"
The specified age is not suitable in line: "Джигурда rn@gmail.com 8"
The line does not contain one or more fields in line: "Тролль"
The Not email error occured in line: "Артём uhhdaycfigvam 18"
The specified age is not suitable in line: "Дмитрий cbtewsu 100"
The line does not contain one or more fields in line: "88 owmogsfi@ya.ru"
The Not email error occured in line: "Волочкова nu.mail.ru 17"
Prohibited characters are used in the age field in line: "Мария 8 yg@ya.ru"
The specified age is not suitable in line: "Чехова lidxddaoqw@mail.ru 100"
The specified age is not suitable in line: "Чонгкун tylquyseiz@gmail.com 100"
The specified age is not suitable in line: "Бузова iok@gmail.com 8"
The line does not contain one or more fields in line: "Чонгкун"
The line does not contain one or more fields in line: "Земфира"
The specified age is not suitable in line: "Геннадий zwf@gmail.com 100"
Prohibited characters are used in the age field in line: "Нагиев 85 bzwdxvy@ya.ru"
The specified age is not suitable in line: "Ли dgqm@mail.ru 8"
The specified age is not suitable in line: "Мария ontqgx@mail.ru 100"
The specified age is not suitable in line: "Мария deyzithaw@mail.ru 8"
The specified age is not suitable in line: "Ван sadolr@ya.ru 101"
The specified age is not suitable in line: "Степан kf@ya.ru 8"
The specified age is not suitable in line: "Равшан wgusm@gmail.com 9"
The line does not contain one or more fields in line: ""
The specified age is not suitable in line: "Земфира uwdvnli@mail.ru 8"
The line does not contain one or more fields in line: "16"
The Not name error occured in line: "Артём42 su@ya.ru 26"
The line does not contain one or more fields in line: "86"
The Not email error occured in line: "Хенг edqh 20"
Prohibited characters are used in the age field in line: "Анна 99 tqdylq@gmail.com"
The Not email error occured in line: "Гнойный mvjcfigvam 52"
The Not name error occured in line: "Геннадий666 baq@gmail.com 74"
The specified age is not suitable in line: "Гнойный esd 9"
The Not name error occured in line: "Равшан666 tokg@gmail.com 25"
The line does not contain one or more fields in line: "42"
The specified age is not suitable in line: "Ли aeonyiu@mail.ru 9"
The specified age is not suitable in line: "Яочуан si@gmail.com 7"
The Not name error occured in line: "Степан!!!!1 dvac@gmail.com 94"
Prohibited characters are used in the age field in line: "Дмитрий 82 pqlmawawd@mail.ru"
The specified age is not suitable in line: "Тролль sjxjgkmlq@ya.ru 8"
The Not name error occured in line: "Мария!!!!1 xl@mail.ru 52"
The Not name error occured in line: "Дмитрий42 fbllfxosnn@mail.ru 94"
The specified age is not suitable in line: "Ли gnir@gmail.com 7"
The specified age is not suitable in line: "Ольга ha@ya.ru 9"
The line does not contain one or more fields in line: "Геннадий apttruc@gmail.com"
The specified age is not suitable in line: "Хенг gjmkdp@gmail.com 9"
The specified age is not suitable in line: "Джигурда hsdu@ya.ru 101"
The Not name error occured in line: "Гнойный666 qlv@gmail.com 12"
The specified age is not suitable in line: "Муммий pidjfftm@mail.ru 8"
The Not name error occured in line: "Ярослав!!!!1 wu@gmail.com 31"
The Not name error occured in line: "Ярослав42 xec@gmail.com 62"
The specified age is not suitable in line: "Джамшут hpzoktyo@gmail.com 101"
Prohibited characters are used in the age field in line: "Ольга 36 chh@mail.ru"
The line does not contain one or more fields in line: "14"
The line does not contain one or more fields in line: "ibnwoguc@mail.ru"
The specified age is not suitable in line: "Ли nacdtxienb@mail.ru 100"
The specified age is not suitable in line: "Анна cxkqato@mail.ru 8"
The Not name error occured in line: "Чехова42 owayi@mail.ru 14"
The specified age is not suitable in line: "Чонгкун jrhsmdgbx@gmail.com 7"
The specified age is not suitable in line: "Ярослав qo@mail.ru 9"
The specified age is not suitable in line: "Анна sba@ya.ru 101"
The Not name error occured in line: "Джамшут666 cckguhj@mail.ru 31"
The specified age is not suitable in line: "Бузова uppchfkyju@gmail.com 9"
The Not name error occured in line: "Ярослав!!!!1 jf@ya.ru 62"
The specified age is not suitable in line: "Геннадий hjfdi.mail.ru 7"
The specified age is not suitable in line: "Гнойный wr@mail.ru 7"
The specified age is not suitable in line: "Бузова gmm@ya.ru 7"
The Not email error occured in line: "Геннадий abtk 75"
The Not name error occured in line: "Ярослав666 jeh 63"
The Not name error occured in line: "Михаил42 kzcp@mail.ru 78"
The specified age is not suitable in line: "Степан uftoobjxk@mail.ru 8"
The specified age is not suitable in line: "Ли xfhjyoju@gmail.com 100"
The Not email error occured in line: "Джигурда jxvtxvxwsfigvam 95"
The Not name error occured in line: "Ли666 bqmybd@mail.ru 75"
The Not name error occured in line: "Дмитрий666 ezjv@gmail.com 21"
The specified age is not suitable in line: "Ван iaphxaoo@gmail.com 8"
The specified age is not suitable in line: "Чонгкун mhkhqjhmx@gmail.com 7"
The specified age is not suitable in line: "Яочуан ygdqxja@mail.ru 100"
The Not name error occured in line: "Джамшут666 rndlsfo@gmail.com 12"
The Not email error occured in line: "Дмитрий dwymn 20"
The Not name error occured in line: "Ярослав!!!!1 suldafigvam 92"
The Not email error occured in line: "Михаил hmjiuuvvhufigvam 32"
The line does not contain one or more fields in line: "99 xyehgwzuu@gmail.com"
The line does not contain one or more fields in line: "66"
The specified age is not suitable in line: "Чонгкун mhycl@gmail.com 9"
The specified age is not suitable in line: "Пенг vyoik@ya.ru 100"
The specified age is not suitable in line: "Владимир rinftidh@ya.ru 101"
The Not name error occured in line: "Муммий666 pd@mail.ru 87"
The specified age is not suitable in line: "Мария dpbpily@gmail.com 9"
The line does not contain one or more fields in line: "yv@mail.ru"
The specified age is not suitable in line: "Владимир zrignrbba@gmail.com 8"
The Not email error occured in line: "Земфира lzcsiq.ru 42"
The specified age is not suitable in line: "Яочуан vi.ru 101"
The Not name error occured in line: "Ли42 nasa@gmail.com 20"
The specified age is not suitable in line: "Мария ixhn@ya.ru 100"
The line does not contain one or more fields in line: ""
Prohibited characters are used in the age field in line: "Анна 85 elchvgwknw@gmail.com"
The specified age is not suitable in line: "Бузова igr@ya.ru 8"
The specified age is not suitable in line: "Яочуан ksufmcroha@gmail.com 101"
The specified age is not suitable in line: "Хенг ngpoldldwl@ya.ru 100"
The specified age is not suitable in line: "Чонгкун gq@ya.ru 7"
The line does not contain one or more fields in line: "89 qhl@mail.ru"
The specified age is not suitable in line: "Яочуан iuth@ya.ru 8"
Prohibited characters are used in the age field in line: "Равшан 39 icuzo@ya.ru"
The Not name error occured in line: "Ольга666 sigmjeofjf@gmail.com 17"
The specified age is not suitable in line: "Мария yjuzmr@gmail.com 9"
The Not name error occured in line: "Волочкова666 cgoivrmofg@gmail.com 81"
The Not name error occured in line: "Равшан666 nyx@ya.ru 60"
The specified age is not suitable in line: "Дмитрий xback@mail.ru 7"
The Not email error occured in line: "Геннадий almb.mail.ru 18"
The specified age is not suitable in line: "Ли lc@ya.ru 9"
The specified age is not suitable in line: "Земфира plslxirp@gmail.com 101"
The specified age is not suitable in line: "Чехова ssdpstvvxi@gmail.com 7"
The specified age is not suitable in line: "Ли pcnvxsf@ya.ru 100"
The Not name error occured in line: "Джамшут666 bu@ya.ru 54"
The specified age is not suitable in line: "Джигурда ssecik@ya.ru 7"
The Not name error occured in line: "Михаил!!!!1 ayfunbjvq@mail.ru 91"
Prohibited characters are used in the age field in line: "Степан 36 caye@ya.ru"
The Not email error occured in line: "Дмитрий eyogojynek 26"
The Not email error occured in line: "Чехова jtvxk 12"
The line does not contain one or more fields in line: "oy@gmail.com"
The specified age is not suitable in line: "Артём iwkukwzt@ya.ru 8"
The specified age is not suitable in line: "Волочкова kvy@ya.ru 101"
The Not email error occured in line: "Сянцзян dgxpv 82"
The Not email error occured in line: "Яочуан kcj.mail.ru 11"
The Not name error occured in line: "Владимир42 ffkixmon@mail.ru 34"
The Not email error occured in line: "Джамшут mahks.mail.ru 57"
The specified age is not suitable in line: "Равшан rsy@gmail.com 100"
The Not email error occured in line: "Чехова bjaupakumm.ru 91"
The line does not contain one or more fields in line: "Степан 23"
The specified age is not suitable in line: "Тролль mnycx@gmail.com 101"
The Not name error occured in line: "Чехова42 lxfu@gmail.com 45"
The Not name error occured in line: "Ольга42 thhtgzm@ya.ru 45"
The Not name error occured in line: "Муммий42 mdtaqsikjf@ya.ru 12"
The specified age is not suitable in line: "Хенг crhsca@ya.ru 9"
The Not email error occured in line: "Джамшут phlpzwfffigvam 33"
The line does not contain one or more fields in line: "Ярослав"
The specified age is not suitable in line: "Геннадий cppmo@mail.ru 8"
The Not email error occured in line: "Артём aqj.ru 17"
The Not name error occured in line: "Земфира!!!!1 efz@mail.ru 45"
Prohibited characters are used in the age field in line: "Ольга 86 zpawzdafft@gmail.com"
The specified age is not suitable in line: "Михаил rtisohbr@mail.ru 101"
The Not name error occured in line: "Бузова42 riltaol@gmail.com 31"
Prohibited characters are used in the age field in line: "Геннадий 73 jruoid@mail.ru"
The line does not contain one or more fields in line: "xti@ya.ru"
The Not email error occured in line: "Равшан scpglwfruc.mail.ru 35"
The specified age is not suitable in line: "Михаил nktbmhacha@ya.ru 101"
The line does not contain one or more fields in line: "23"
The specified age is not suitable in line: "Джигурда tjusruw@gmail.com 101"
The line does not contain one or more fields in line: "oywlsbomiy@gmail.com"
The line does not contain one or more fields in line: "Геннадий dfmah@gmail.com"
The Not email error occured in line: "Анна rqcfigvam 58"
The specified age is not suitable in line: "Геннадий gowp@ya.ru 9"
The Not email error occured in line: "Яочуан hcfigvam 80"
Prohibited characters are used in the age field in line: "Геннадий 55 ndb@ya.ru"
The specified age is not suitable in line: "Ван zbubzr@gmail.com 7"
Prohibited characters are used in the age field in line: "Ли 74 wgugrckxw@gmail.com"
The specified age is not suitable in line: "Яочуан hgxwj@gmail.com 7"
The specified age is not suitable in line: "Гнойный tygluu@gmail.com 9"
The Not name error occured in line: "Джигурда666 mkogutwr@gmail.com 20"
The Not name error occured in line: "Геннадий666 jqw@ya.ru 58"
The specified age is not suitable in line: "Равшан mqg@mail.ru 7"
The specified age is not suitable in line: "Мария fyqx@gmail.com 101"
The Not email error occured in line: "Мария igqkc 56"
The Not name error occured in line: "Тролль!!!!1 iboxbi@mail.ru 27"
The specified age is not suitable in line: "Ли xm@gmail.com 101"
The Not name error occured in line: "Бузова666 ndoirzuht@gmail.com 35"
The line does not contain one or more fields in line: ""
The specified age is not suitable in line: "Ольга grctgo@mail.ru 101"
The Not name error occured in line: "Ольга666 jkks@ya.ru 88"
The line does not contain one or more fields in line: "14 qjdyda@ya.ru"
The Not name error occured in line: "Хенг666 dbkxglrtr@gmail.com 20"
The specified age is not suitable in line: "Ван twypxwtnqs@ya.ru 8"
The line does not contain one or more fields in line: "Ольга"
The specified age is not suitable in line: "Яочуан jqrvpik@gmail.com 8"
The specified age is not suitable in line: "Ярослав nbpbn@ya.ru 100"
The line does not contain one or more fields in line: "Пенг 18"
The specified age is not suitable in line: "Ван eqvzujpa@mail.ru 100"
The Not name error occured in line: "Земфира666 mkxfbiglg@ya.ru 25"
The specified age is not suitable in line: "Ли vsrbknpi@gmail.com 101"
The Not name error occured in line: "Волочкова42 jplbtuvok@mail.ru 39"
The Not email error occured in line: "Степан gggpaqbb 39"
The specified age is not suitable in line: "Нагиев kdxmdjsfoq@gmail.com 7"
The Not email error occured in line: "Ольга pyitfdyfp.ru 81"
Prohibited characters are used in the age field in line: "Геннадий 51 ngibl@ya.ru"
The Not name error occured in line: "Ярослав!!!!1 xd@mail.ru 46"
The Not email error occured in line: "Муммий tvnkfn.ru 50"
The specified age is not suitable in line: "Михаил dmsckxsvkq@ya.ru 101"
The Not email error occured in line: "Чонгкун qyrb 94"
The specified age is not suitable in line: "Владимир txd@ya.ru 100"
The Not name error occured in line: "Пенг42 jbxhywaw@gmail.com 94"
The line does not contain one or more fields in line: "Бузова 58"
The specified age is not suitable in line: "Бузова cpzofk@ya.ru 100"
The specified age is not suitable in line: "Ольга666 ot@gmail.com 9"
The line does not contain one or more fields in line: ""
The line does not contain one or more fields in line: ""
The specified age is not suitable in line: "Тролль nohc@ya.ru 8"
The Not name error occured in line: "Хенг42 tfglv@ya.ru 82"
The Not name error occured in line: "Мария666 sp@mail.ru 67"
The Not email error occured in line: "Сянцзян mkh.mail.ru 38"
The specified age is not suitable in line: "Тролль lpiqiywb@mail.ru 8"
The Not email error occured in line: "Ольга alcdfigvam 75"
The Not email error occured in line: "Ольга vgqdjgys.mail.ru 89"
The specified age is not suitable in line: "Равшан pdomev@gmail.com 8"
The line does not contain one or more fields in line: ""
The Not name error occured in line: "Дмитрий!!!!1 ccoqjfx@mail.ru 15"
The Not name error occured in line: "Артём42 clcmztc@gmail.com 94"
The specified age is not suitable in line: "Сянцзян jyyw@ya.ru 7"
The line does not contain one or more fields in line: ""
Prohibited characters are used in the age field in line: "Джамшут 86 mz@ya.ru"
The Not email error occured in line: "Ольга vheltf 30"
The specified age is not suitable in line: "Ольга tmstxptsw@gmail.com 101"
The Not email error occured in line: "Бузова ipguhyopqfigvam 62"
The Not name error occured in line: "Гнойный666 sjb@mail.ru 91"
The Not name error occured in line: "Чонгкун42 whw@gmail.com 71"
The Not name error occured in line: "Чехова42 ltcp@mail.ru 37"
Prohibited characters are used in the age field in line: "Ольга 90 nbyqfilr@ya.ru"
The Not email error occured in line: "Ярослав guqnftm 91"
The specified age is not suitable in line: "Джигурда pwvllwc@mail.ru 100"
The Not name error occured in line: "Муммий!!!!1 ro@gmail.com 78"
The specified age is not suitable in line: "Муммий afch@gmail.com 100"
The specified age is not suitable in line: "Муммий kxhupvl@mail.ru 8"
The Not name error occured in line: "Владимир666 fuxy@ya.ru 13"
The Not name error occured in line: "Яочуан!!!!1 xgyph@ya.ru 73"
The specified age is not suitable in line: "Муммий yorphou@mail.ru 101"
The specified age is not suitable in line: "Владимир jvgb@gmail.com 9"
The Not email error occured in line: "Яочуан rmuqgtv 19"
The specified age is not suitable in line: "Джамшут xkmcgp@gmail.com 100"
The specified age is not suitable in line: "Джамшут zmlft@gmail.com 9"
The specified age is not suitable in line: "Равшан dfzxjzqx@gmail.com 9"
The specified age is not suitable in line: "Мария hktpu@ya.ru 7"
The Not name error occured in line: "Муммий666 ghkzdxn@mail.ru 92"
The Not email error occured in line: "Владимир xstkvrskfigvam 75"
The Not email error occured in line: "Михаил ity 41"
The line does not contain one or more fields in line: "Хенг ijygcm@mail.ru"
The Not email error occured in line: "Тролль ydmqa 44"
The specified age is not suitable in line: "Ярослав nylmbleako@gmail.com 7"
The specified age is not suitable in line: "Муммий xjctubyfz@gmail.com 7"
The specified age is not suitable in line: "Сянцзян xrcrvmblnw@ya.ru 9"
The Not name error occured in line: "Джамшут666 dgbk@gmail.com 86"
The specified age is not suitable in line: "Равшан xsortwb@ya.ru 100"
The Not email error occured in line: "Михаил ksfigvam 86"
The line does not contain one or more fields in line: ""
The specified age is not suitable in line: "Равшан dp@gmail.com 7"
The Not name error occured in line: "Равшан42 oztp@gmail.com 35"
Prohibited characters are used in the age field in line: "Пенг 91 sbkivwv@gmail.com"
The specified age is not suitable in line: "Чонгкун bmybxiicj@mail.ru 100"
The specified age is not suitable in line: "Анна gju@gmail.com 7"
The Not email error occured in line: "Яочуан kmaqjfigvam 66"
The Not email error occured in line: "Пенг ls.mail.ru 97"
Prohibited characters are used in the age field in line: "Ольга 55 jym@mail.ru"
The specified age is not suitable in line: "Волочкова hpn@gmail.com 9"
The specified age is not suitable in line: "Чонгкун qduhwjj@mail.ru 9"
The specified age is not suitable in line: "Чехова zbqjf@gmail.com 8"
The Not name error occured in line: "Михаил666 jtczdhuvyu@mail.ru 87"
The Not name error occured in line: "Мария666 hcz@mail.ru 49"
The line does not contain one or more fields in line: ""
Prohibited characters are used in the age field in line: "Нагиев 34 xazkz@gmail.com"
The Not name error occured in line: "Нагиев!!!!1 pekyd@ya.ru 59"
The specified age is not suitable in line: "Сянцзян ptuwk@mail.ru 101"
The specified age is not suitable in line: "Степан pgunwi@gmail.com 101"
The line does not contain one or more fields in line: ""
The specified age is not suitable in line: "Чехова dxkrhlt@mail.ru 8"
Prohibited characters are used in the age field in line: "Ярослав 68 zyb.ru"
The specified age is not suitable in line: "Артём avc@mail.ru 7"
The specified age is not suitable in line: "Яочуан yevr@gmail.com 101"
Prohibited characters are used in the age field in line: "Владимир 60 ldyuyv@gmail.com"
The Not email error occured in line: "Мария przmjpjyuc.mail.ru 47"
The Not name error occured in line: "Геннадий666 dvgwstof@mail.ru 61"
The Not name error occured in line: "Тролль666 jwnlr@mail.ru 92"
The specified age is not suitable in line: "Ли mdwje@mail.ru 7"
The specified age is not suitable in line: "Волочкова zruagjjubo@mail.ru 101"
Prohibited characters are used in the age field in line: "Равшан 94 uhddv@ya.ru"
The specified age is not suitable in line: "Сянцзян mcbq@mail.ru 7"
The line does not contain one or more fields in line: "Ли"
The specified age is not suitable in line: "Анна bcmncsiazj@mail.ru 8"
The specified age is not suitable in line: "Чехова cmedyzdmuf@ya.ru 8"
The specified age is not suitable in line: "Ван swcpzgfqk@gmail.com 9"
The Not name error occured in line: "Ли666 viperac@gmail.com 11"
The line does not contain one or more fields in line: ""
The specified age is not suitable in line: "Джигурда cazcggmh@mail.ru 101"
The specified age is not suitable in line: "Ольга vmtulqovl@ya.ru 100"
The Not email error occured in line: "Ван llrvnboy 82"
The Not name error occured in line: "Бузова666 stwxu@ya.ru 82"
The specified age is not suitable in line: "Джамшут osi@ya.ru 101"
The Not email error occured in line: "Джигурда xkfigvam 51"
The Not name error occured in line: "Бузова666 rihao@mail.ru 91"
The Not name error occured in line: "Хенг666 fuznbykkpo@gmail.com 56"
The Not name error occured in line: "Артём42 eejjr@ya.ru 30"
The specified age is not suitable in line: "Ли lbrlgdc@gmail.com 101"
The line does not contain one or more fields in line: "acesfkx"
The line does not contain one or more fields in line: "Ван ksjxcbk@gmail.com"
The Not name error occured in line: "Геннадий42 daflhhwdg@mail.ru 67"
The line does not contain one or more fields in line: "Степан 37"
The Not name error occured in line: "Тролль42 kqgwru@ya.ru 37"
The specified age is not suitable in line: "Геннадий ffr@ya.ru 7"
The Not name error occured in line: "Хенг666 lwiirkclhq@ya.ru 29"
The Not email error occured in line: "Сянцзян hwxt.mail.ru 50"
The specified age is not suitable in line: "Волочкова tdddmgika@ya.ru 9"
The line does not contain one or more fields in line: "Хенг"
The Not name error occured in line: "Ли666 kphzoum@ya.ru 94"
The specified age is not suitable in line: "Чонгкун ycggmccqfigvam 7"
The Not name error occured in line: "Ли42 wxexmgqlv@mail.ru 57"
The specified age is not suitable in line: "Михаил smihac@ya.ru 9"
The Not name error occured in line: "Пенг42 jdknfivgid@ya.ru 24"
The Not name error occured in line: "Гнойный666 xjbx@gmail.com 78"
The Not email error occured in line: "Джигурда zmjc 45"
The line does not contain one or more fields in line: "Земфира"
The line does not contain one or more fields in line: "99"
The specified age is not suitable in line: "Равшан yy@gmail.com 100"
The Not email error occured in line: "Анна qppqjykge.mail.ru 56"
The line does not contain one or more fields in line: ""
The specified age is not suitable in line: "Владимир xas@ya.ru 101"
The specified age is not suitable in line: "Нагиев gtckxtsg@gmail.com 8"
The Not email error occured in line: "Владимир ostm.ru 81"
The line does not contain one or more fields in line: "Владимир"
The line does not contain one or more fields in line: "Ольга 77"
The line does not contain one or more fields in line: "hbqvvgvyv@gmail.com"
The specified age is not suitable in line: "Степан jrahedkro.ru 100"
The specified age is not suitable in line: "Анна frnm@ya.ru 9"
The specified age is not suitable in line: "Ли rlobsdxnkm@ya.ru 101"
The Not email error occured in line: "Бузова vvrznowi.ru 39"
The Not email error occured in line: "Ли zocmhhldtxfigvam 33"
The specified age is not suitable in line: "Дмитрий dpado@ya.ru 101"
The Not name error occured in line: "Сянцзян!!!!1 cqc@mail.ru 79"
The line does not contain one or more fields in line: "Нагиев zobbamthn@ya.ru"
The line does not contain one or more fields in line: "Артём pbxxpkp@mail.ru"
The line does not contain one or more fields in line: "Ольга swxjl@ya.ru"
The Not email error occured in line: "Михаил ogaptxrw 10"
The Not email error occured in line: "Чехова ikkjvfigvam 83"
The line does not contain one or more fields in line: "54"
The Not name error occured in line: "Михаил666 mavzyuda@gmail.com 61"
Prohibited characters are used in the age field in line: "Ольга 20 oja@ya.ru"
The specified age is not suitable in line: "Сянцзян qvujdw@mail.ru 8"
The line does not contain one or more fields in line: "Ли xinydgkyz"
The specified age is not suitable in line: "Дмитрий!!!!1 cfortxov@gmail.com 100"
The specified age is not suitable in line: "Пенг sojqh@mail.ru 100"
The line does not contain one or more fields in line: "Ли 73"
The specified age is not suitable in line: "Муммий tdlgluv@mail.ru 8"
The specified age is not suitable in line: "Пенг lm@ya.ru 100"
The specified age is not suitable in line: "Пенг azomitvegl@mail.ru 101"
Prohibited characters are used in the age field in line: "Пенг 41 hivhqztutj@ya.ru"
The specified age is not suitable in line: "Геннадий ahmh@mail.ru 7"
The Not email error occured in line: "Бузова khsfbnfigvam 10"
The Not email error occured in line: "Мария xnzir.ru 17"
The Not email error occured in line: "Ли qjpycs.mail.ru 54"
Prohibited characters are used in the age field in line: "Пенг 12 epj@gmail.com"
The Not email error occured in line: "Дмитрий ka 54"
The specified age is not suitable in line: "Владимир uxo@mail.ru 8"
The specified age is not suitable in line: "Ли mbshdfcuq@mail.ru 9"
The Not email error occured in line: "Степан rcug.ru 85"
The line does not contain one or more fields in line: ""
The Not name error occured in line: "Пенг666 hsj@ya.ru 39"
The Not name error occured in line: "Равшан!!!!1 dvmncadh@ya.ru 50"
The Not email error occured in line: "Дмитрий ud.mail.ru 17"
The specified age is not suitable in line: "Владимир pjrehnjr@gmail.com 8"
The Not email error occured in line: "Земфира qnrfigvam 38"
The Not email error occured in line: "Артём eh.mail.ru 15"
The line does not contain one or more fields in line: "jq@gmail.com"
The specified age is not suitable in line: "Хенг hqg@ya.ru 7"
The specified age is not suitable in line: "Джамшут42 jfde@mail.ru 100"
The specified age is not suitable in line: "Джамшут qsjdks@gmail.com 101"
The Not name error occured in line: "Равшан42 vcxkqxf@gmail.com 97"
The specified age is not suitable in line: "Геннадий gzrcyd@ya.ru 9"
The specified age is not suitable in line: "Степан pvte@mail.ru 101"
The specified age is not suitable in line: "Ли kzyqcs@ya.ru 100"
The Not email error occured in line: "Волочкова qsuopb 21"
The line does not contain one or more fields in line: "fpntrectkj@gmail.com"
The specified age is not suitable in line: "Ярослав rlfkb@mail.ru 9"
The specified age is not suitable in line: "Равшан errdbsjifd@gmail.com 101"
The Not email error occured in line: "Пенг jqynlmr.mail.ru 50"
The line does not contain one or more fields in line: ""
The Not email error occured in line: "Ли rsfdutfigvam 23"
The Not name error occured in line: "Сянцзян42 njn@gmail.com 12"
The specified age is not suitable in line: "Ярослав ureuoho@gmail.com 101"
The specified age is not suitable in line: "Сянцзян vapnupu@ya.ru 100"
Prohibited characters are used in the age field in line: "Владимир 26 tgovvpmv@ya.ru"
The Not name error occured in line: "Михаил42 yrzsids@gmail.com 87"
Prohibited characters are used in the age field in line: "Чонгкун 22 uvb@mail.ru"
The line does not contain one or more fields in line: ""
The specified age is not suitable in line: "Анна tgfxv@ya.ru 100"
Prohibited characters are used in the age field in line: "Ольга 37 gq@mail.ru"
The Not name error occured in line: "Артём42 fczwr@gmail.com 48"
Prohibited characters are used in the age field in line: "Нагиев 46 ptqls@ya.ru"
The specified age is not suitable in line: "Джигурда ztummrmgo@mail.ru 7"
The Not name error occured in line: "Нагиев!!!!1 xwrvlg@ya.ru 78"
The Not name error occured in line: "Хенг!!!!1 cblioh@mail.ru 34"
The line does not contain one or more fields in line: "47"
The Not name error occured in line: "Анна666 fsfop@mail.ru 58"
The Not name error occured in line: "Джигурда!!!!1 isgmd@gmail.com 99"
The line does not contain one or more fields in line: "Чехова"
The specified age is not suitable in line: "Тролль spdkqaktn@ya.ru 9"
The Not email error occured in line: "Джигурда ebjnx.mail.ru 97"
The Not email error occured in line: "Муммий sc.mail.ru 64"
The specified age is not suitable in line: "Ярослав xpkehoe@gmail.com 8"
The specified age is not suitable in line: "Ольга xwyvp@ya.ru 8"
The Not email error occured in line: "Дмитрий tvnzagduh.mail.ru 55"
The specified age is not suitable in line: "Степан gd@ya.ru 9"
The Not name error occured in line: "Пенг42 wouu@ya.ru 31"
The line does not contain one or more fields in line: "Джамшут 31"
Prohibited characters are used in the age field in line: "Хенг 58 ebsip@gmail.com"
The Not name error occured in line: "Волочкова666 iooulyqpni@mail.ru 42"
The specified age is not suitable in line: "Гнойный kesd@mail.ru 100"
The Not email error occured in line: "Тролль jw.mail.ru 35"
The Not email error occured in line: "Равшан rus.mail.ru 81"
The specified age is not suitable in line: "Равшан ubznniijoz@gmail.com 8"
The specified age is not suitable in line: "Анна obdw@mail.ru 100"
Prohibited characters are used in the age field in line: "Ли 12 lpe@gmail.com"
The Not email error occured in line: "Анна mgcapwtfkp.ru 99"
The Not email error occured in line: "Ярослав ctfsib.mail.ru 60"
Prohibited characters are used in the age field in line: "Ольга 44 rwrakjr@gmail.com"
The specified age is not suitable in line: "Тролль hgtc@gmail.com 101"
The specified age is not suitable in line: "Артём afbd@mail.ru 101"
The line does not contain one or more fields in line: "Муммий"
The specified age is not suitable in line: "Геннадий666 fkz@mail.ru 7"
The line does not contain one or more fields in line: ""
The Not name error occured in line: "Земфира42 ydcmpreuzy@ya.ru 55"
The specified age is not suitable in line: "Степан byjxrtlc@gmail.com 9"
The Not name error occured in line: "Нагиев!!!!1 knxrnmi@ya.ru 18"
The Not name error occured in line: "Сянцзян42 xz@ya.ru 18"
The Not email error occured in line: "Анна wsd.ru 86"
The specified age is not suitable in line: "Мария qact@mail.ru 9"
The specified age is not suitable in line: "Михаил jpcoyszthd@mail.ru 9"
The specified age is not suitable in line: "Геннадий fhi@ya.ru 101"
The specified age is not suitable in line: "Ван zqtcknx@gmail.com 101"
The Not name error occured in line: "Чехова42 owfqdurm@gmail.com 54"
The specified age is not suitable in line: "Дмитрий jh@ya.ru 7"
The line does not contain one or more fields in line: ""
The Not name error occured in line: "Анна666 zlofysrqh@gmail.com 88"
The Not name error occured in line: "Земфира666 ckgpqmeryl@gmail.com 67"
Prohibited characters are used in the age field in line: "Геннадий 22 anqexnqa@ya.ru"
The Not name error occured in line: "Владимир666 mgb@ya.ru 59"
The specified age is not suitable in line: "Нагиев lntfigvam 101"
The specified age is not suitable in line: "Джигурда uaz@gmail.com 8"
The specified age is not suitable in line: "Анна pqhgfwigty@mail.ru 7"
The specified age is not suitable in line: "Джигурда fs@ya.ru 101"
The specified age is not suitable in line: "Ли mfxvkzt@ya.ru 8"
The Not email error occured in line: "Ольга hmmrfigvam 88"
The specified age is not suitable in line: "Анна qqsjrtws@mail.ru 100"
The Not name error occured in line: "Нагиев42 lfsisf@ya.ru 36"
The specified age is not suitable in line: "Ли pfcr@ya.ru 101"
The specified age is not suitable in line: "Ярослав pmibrp@ya.ru 101"
The Not name error occured in line: "Дмитрий!!!!1 mtn@gmail.com 53"
The specified age is not suitable in line: "Тролль hzpxkklxaa@ya.ru 101"
The Not email error occured in line: "Степан zkmyq.ru 55"
The Not email error occured in line: "Пенг hvi.mail.ru 80"
The specified age is not suitable in line: "Ван wreyyazwj@ya.ru 101"
The line does not contain one or more fields in line: "Сянцзян 101"
The Not email error occured in line: "Муммий zoxml 68"
The specified age is not suitable in line: "Ван ysnemx@gmail.com 7"
The Not email error occured in line: "Чехова blwlpw 73"
The specified age is not suitable in line: "Дмитрий ddfljsbst@gmail.com 9"
The specified age is not suitable in line: "Артём affbrmzi@mail.ru 8"
The Not name error occured in line: "Хенг!!!!1 ploqax@mail.ru 90"
The Not email error occured in line: "Яочуан sxso.mail.ru 36"
The line does not contain one or more fields in line: "10 kfkzlg@mail.ru"
The specified age is not suitable in line: "Владимир gfltut@gmail.com 8"
The Not email error occured in line: "Ярослав qvbiichydh 27"
The specified age is not suitable in line: "Пенг vvzxlrgg@ya.ru 100"
The specified age is not suitable in line: "Владимир naciwer@gmail.com 8"
The specified age is not suitable in line: "Земфира kebiiemny@ya.ru 101"
The specified age is not suitable in line: "Ван bptghqopkc@gmail.com 101"
The Not email error occured in line: "Чонгкун ipatelmf.mail.ru 56"
The Not email error occured in line: "Владимир kpiefigvam 18"
The Not email error occured in line: "Ярослав qglqvcgo 43"
The line does not contain one or more fields in line: ""
The Not name error occured in line: "Нагиев666 ykj@gmail.com 18"
Prohibited characters are used in the age field in line: "Бузова 21 yixcbjtl@ya.ru"
The Not name error occured in line: "Джигурда42 hwf@mail.ru 85"
The Not name error occured in line: "Ольга666 yiykos@mail.ru 23"
The Not email error occured in line: "Михаил nelrttdj.mail.ru 60"
The Not name error occured in line: "Тролль42 kakcexaoto.ru 98"
The Not name error occured in line: "Дмитрий42 oghektepxm@ya.ru 51"
The specified age is not suitable in line: "Волочкова erem@ya.ru 101"
The Not email error occured in line: "Бузова ch.ru 91"
The specified age is not suitable in line: "Ван pvexq@ya.ru 101"
The Not name error occured in line: "Джамшут666 mhun@ya.ru 83"
The Not email error occured in line: "Дмитрий xokee.ru 81"
The line does not contain one or more fields in line: "Степан 9"
The Not email error occured in line: "Ли bezqlfbr.ru 75"
The Not email error occured in line: "Сянцзян kemwofigvam 80"
The specified age is not suitable in line: "Равшан rrm@ya.ru 101"
The Not name error occured in line: "Гнойный666 ckxy@mail.ru 98"
The Not email error occured in line: "Земфира sehaa.ru 23"
The specified age is not suitable in line: "Ли alravwh@gmail.com 8"
The line does not contain one or more fields in line: "Пенг 49"
The specified age is not suitable in line: "Степан mijnf@gmail.com 9"
The Not email error occured in line: "Хенг aenvwiibzv.ru 85"
The line does not contain one or more fields in line: ""
The Not name error occured in line: "Михаил666 tlgrqqw@ya.ru 51"
Prohibited characters are used in the age field in line: "Ли 30 shgijkhj@ya.ru"
The Not email error occured in line: "Артём jqvuaztxdufigvam 41"
The Not email error occured in line: "Земфира ulgmosl.ru 77"
The line does not contain one or more fields in line: "Яочуан"
The Not email error occured in line: "Дмитрий qxkuijl 73"
The Not name error occured in line: "Тролль!!!!1 zylxlgct@gmail.com 17"
The line does not contain one or more fields in line: "lpr@gmail.com"
The specified age is not suitable in line: "Пенг hwgiiv@gmail.com 9"
The Not name error occured in line: "Муммий42 jhvwrdquj@gmail.com 60"
The specified age is not suitable in line: "Джигурда ohjtabz@ya.ru 8"
The Not name error occured in line: "Ван666 ggdwflel@mail.ru 74"
The Not email error occured in line: "Джамшут iwrrct.mail.ru 30"
The line does not contain one or more fields in line: "Равшан mnyqvc@ya.ru"
The Not email error occured in line: "Равшан bui 81"
The line does not contain one or more fields in line: "Ван"
The Not name error occured in line: "Чехова42 mf@ya.ru 64"
The line does not contain one or more fields in line: "Михаил"
The specified age is not suitable in line: "Мария jg@mail.ru 7"
The specified age is not suitable in line: "Пенг wmdcuhomzg@gmail.com 7"
The Not email error occured in line: "Земфира woibrze.ru 27"
The specified age is not suitable in line: "Ольга kdxkedpoql@mail.ru 7"
The Not name error occured in line: "Артём!!!!1 qinssdk@ya.ru 32"
The specified age is not suitable in line: "Земфира kkroewjxde@ya.ru 100"
The specified age is not suitable in line: "Чехова wtgyeyaoby@gmail.com 7"
The specified age is not suitable in line: "Михаил ymmoepdgd@ya.ru 7"
Prohibited characters are used in the age field in line: "Дмитрий 53 js@mail.ru"
The line does not contain one or more fields in line: ""
The specified age is not suitable in line: "Михаил bcjpxcnlo@gmail.com 8"
The Not name error occured in line: "Муммий!!!!1 hjithai@gmail.com 67"
Prohibited characters are used in the age field in line: "Мария 69 ombx@ya.ru"
The Not email error occured in line: "Джамшут njxvd.mail.ru 31"
The specified age is not suitable in line: "Земфира wamfb@gmail.com 7"
The Not email error occured in line: "Дмитрий mnfyuda 63"
The Not name error occured in line: "Ли42 luyqxgeegp@gmail.com 88"
The Not name error occured in line: "Джамшут42 ktkajqsi@ya.ru 15"
Prohibited characters are used in the age field in line: "Чонгкун 43 joakkqrec@gmail.com"
The Not name error occured in line: "Равшан42 hp@mail.ru 87"
The specified age is not suitable in line: "Волочкова nn@ya.ru 101"
The line does not contain one or more fields in line: "14 ooxxpscf@mail.ru"
The specified age is not suitable in line: "Тролль ohnf@ya.ru 101"
The line does not contain one or more fields in line: "Владимир pxlqrob@ya.ru"
The specified age is not suitable in line: "Мария edzii@ya.ru 100"
The line does not contain one or more fields in line: "Земфира bj@ya.ru"
The line does not contain one or more fields in line: "Дмитрий 58"
The line does not contain one or more fields in line: ""
The Not email error occured in line: "Джамшут um.ru 43"
The Not email error occured in line: "Степан salgh.mail.ru 42"
The Not name error occured in line: "Ли666 qrjdpmy@mail.ru 96"
The Not name error occured in line: "Степан666 jvxqidcl@gmail.com 31"
The specified age is not suitable in line: "Чонгкун ajwdvtf@mail.ru 7"
The specified age is not suitable in line: "Ван ssrypdn@ya.ru 101"
The specified age is not suitable in line: "Бузова bm@gmail.com 100"
The specified age is not suitable in line: "Чехова goic@mail.ru 101"
The Not name error occured in line: "Яочуан666 dbgbcbq@gmail.com 67"
The Not name error occured in line: "Чонгкун!!!!1 qembh@ya.ru 91"
The specified age is not suitable in line: "Равшан tmybye@gmail.com 100"
The line does not contain one or more fields in line: "21 ojuqqls@mail.ru"
The line does not contain one or more fields in line: ""
The specified age is not suitable in line: "Джигурда hqjpqiuh@gmail.com 7"
The specified age is not suitable in line: "Яочуан ypujo@mail.ru 9"
The Not name error occured in line: "Волочкова!!!!1 ln@ya.ru 66"
Prohibited characters are used in the age field in line: "Артём 64 pmcjigwzx@ya.ru"
The specified age is not suitable in line: "Геннадий wskie@gmail.com 8"
The Not email error occured in line: "Муммий nmwfzhopkrfigvam 34"
The Not name error occured in line: "Пенг42 dqcph@mail.ru 37"
The line does not contain one or more fields in line: ""
The line does not contain one or more fields in line: "91"
The Not email error occured in line: "Ли qldvqkhmd.mail.ru 20"
Prohibited characters are used in the age field in line: "Геннадий 57 qha@ya.ru"
The Not name error occured in line: "Волочкова42 cal@ya.ru 95"
The line does not contain one or more fields in line: "40 utgz@ya.ru"
The Not name error occured in line: "Сянцзян42 te@gmail.com 93"
The Not name error occured in line: "Муммий42 fhtyashoe@ya.ru 93"
The line does not contain one or more fields in line: ""
Prohibited characters are used in the age field in line: "Джигурда 79 lsifigvam"
The specified age is not suitable in line: "Геннадий zoonmmm@ya.ru 101"
The specified age is not suitable in line: "Анна rpumuguesa@mail.ru 101"
The Not name error occured in line: "Мария!!!!1 gqxmebqau@mail.ru 50"
The specified age is not suitable in line: "Земфира pntiproy@gmail.com 7"
The specified age is not suitable in line: "Джамшут ubbcxo@mail.ru 7"
The specified age is not suitable in line: "Земфира timjdfxxb@mail.ru 100"
The Not name error occured in line: "Ван42 tf@mail.ru 52"
The line does not contain one or more fields in line: "qxibm@gmail.com"
The line does not contain one or more fields in line: ""
The Not email error occured in line: "Нагиев rzn.mail.ru 78"
The Not name error occured in line: "Дмитрий!!!!1 dbow@gmail.com 70"
The specified age is not suitable in line: "Дмитрий unkl@mail.ru 100"
Prohibited characters are used in the age field in line: "Джамшут 51 maoqhoiq@mail.ru"
The specified age is not suitable in line: "Муммий tmwj@gmail.com 7"
The Not email error occured in line: "Муммий oxtxopwnrjfigvam 18"
The Not name error occured in line: "Нагиев42 lrapsu@gmail.com 35"
The specified age is not suitable in line: "Сянцзян fem@mail.ru 7"
The Not name error occured in line: "Ли42 rrqqqij@mail.ru 70"
The specified age is not suitable in line: "Дмитрий mvqwrord@gmail.com 7"
Prohibited characters are used in the age field in line: "Артём 43 dnp@ya.ru"
The specified age is not suitable in line: "Хенг aw@gmail.com 9"
The specified age is not suitable in line: "Ярослав ueww@mail.ru 100"
The specified age is not suitable in line: "Ярослав vytzy@gmail.com 101"
The line does not contain one or more fields in line: ""
The line does not contain one or more fields in line: ""
The line does not contain one or more fields in line: ""
Prohibited characters are used in the age field in line: "Владимир 28 an@mail.ru"
The Not email error occured in line: "Ольга ehgpnaeu.ru 12"
The specified age is not suitable in line: "Гнойный yfucubanov@ya.ru 101"
The Not name error occured in line: "Бузова666 puhl@mail.ru 66"
The specified age is not suitable in line: "Владимир pazefbeg@mail.ru 8"
The specified age is not suitable in line: "Мария ihvi@mail.ru 8"
The specified age is not suitable in line: "Степан ayrjjzed@mail.ru 100"
The line does not contain one or more fields in line: "45"
The specified age is not suitable in line: "Чехова rvrscke@gmail.com 101"
The line does not contain one or more fields in line: "79 uybshtbgyy@gmail.com"
The line does not contain one or more fields in line: "Михаил 44"
The Not name error occured in line: "Муммий42 pawd@mail.ru 74"
The specified age is not suitable in line: "Ли vf@ya.ru 101"
The line does not contain one or more fields in line: ""
The specified age is not suitable in line: "Владимир vbvzuilfiw@mail.ru 8"
The Not email error occured in line: "Сянцзян goki.mail.ru 58"
The line does not contain one or more fields in line: "25"
The Not name error occured in line: "Ярослав666 fuxp@gmail.com 12"
The Not email error occured in line: "Гнойный sb.mail.ru 51"
The Not email error occured in line: "Равшан qfkqfigvam 82"
The Not name error occured in line: "Мария666 st@mail.ru 91"
Prohibited characters are used in the age field in line: "Михаил 40 aymkhugwng@mail.ru"
The line does not contain one or more fields in line: "sigaezard@gmail.com"
Prohibited characters are used in the age field in line: "Муммий 25 xmxdjgk@gmail.com"
The Not name error occured in line: "Муммий!!!!1 wjplpskc@mail.ru 14"
The Not email error occured in line: "Ван hhotqhxwx.ru 82"
The line does not contain one or more fields in line: ""
The Not email error occured in line: "Артём ueebpkyfigvam 80"
The specified age is not suitable in line: "Земфира gwihlyfy@gmail.com 101"
The line does not contain one or more fields in line: ""
The specified age is not suitable in line: "Яочуан hilxryf@gmail.com 101"
The Not email error occured in line: "Хенг opcaffkfigvam 38"
The Not name error occured in line: "Чонгкун42 furhqlmdf@mail.ru 31"
The specified age is not suitable in line: "Сянцзян qdvz@gmail.com 8"
The Not name error occured in line: "Степан!!!!1 vuieqxn@mail.ru 79"
The Not email error occured in line: "Муммий cdssxrpfigvam 26"
The Not name error occured in line: "Пенг!!!!1 jsatsc@mail.ru 70"
The Not email error occured in line: "Тролль tqqr 55"
The specified age is not suitable in line: "Пенг fdlpdijbwn@ya.ru 100"
The Not name error occured in line: "Владимир42 pc@ya.ru 68"
The line does not contain one or more fields in line: ""
The specified age is not suitable in line: "Артём bphgql@ya.ru 9"
The specified age is not suitable in line: "Артём cnbkekcprn@gmail.com 101"
The Not email error occured in line: "Анна nfurnoe.ru 60"
The Not name error occured in line: "Дмитрий666 ktflybe@gmail.com 28"
The Not name error occured in line: "Земфира!!!!1 bb@mail.ru 13"
The Not name error occured in line: "Ольга!!!!1 estofkaeg@gmail.com 93"
The specified age is not suitable in line: "Земфира knzuvzxjbz@mail.ru 9"
The line does not contain one or more fields in line: "Гнойный 79"
The specified age is not suitable in line: "Ли unubujw@ya.ru 9"
The line does not contain one or more fields in line: ""
The Not email error occured in line: "Чонгкун crr.mail.ru 15"
The line does not contain one or more fields in line: "65 ms@ya.ru"
The specified age is not suitable in line: "Тролль knnuahehn@mail.ru 7"
The Not name error occured in line: "Яочуан42 fwu@gmail.com 80"
The Not name error occured in line: "Ольга666 afxahwgcma@ya.ru 98"
The specified age is not suitable in line: "Джамшут ocvignginp@mail.ru 100"
The Not email error occured in line: "Яочуан wieyfigvam 64"
The Not email error occured in line: "Михаил vtdupl.mail.ru 80"
The Not name error occured in line: "Ван!!!!1 sqceyont@ya.ru 24"
The Not email error occured in line: "Волочкова mt.ru 91"
The specified age is not suitable in line: "Сянцзян khvkdpeo@mail.ru 9"
The line does not contain one or more fields in line: ""
The Not name error occured in line: "Сянцзян666 fycwqkqdmu@gmail.com 74"
The specified age is not suitable in line: "Геннадий tylyk.ru 101"
The Not name error occured in line: "Нагиев666 vguk@ya.ru 42"
The specified age is not suitable in line: "Анна hgedd@ya.ru 101"
The line does not contain one or more fields in line: "Бузова 61"
The specified age is not suitable in line: "Ван ascadyoz@gmail.com 101"
The Not email error occured in line: "Нагиев kgfa 98"
The Not name error occured in line: "Земфира666 imgbvdy@mail.ru 82"
The line does not contain one or more fields in line: "31 vx@gmail.com"
The specified age is not suitable in line: "Тролль yqspypob@gmail.com 9"
The line does not contain one or more fields in line: ""
The Not name error occured in line: "Анна42 hyrlnugixsfigvam 42"
The line does not contain one or more fields in line: "Ольга"
The Not name error occured in line: "Геннадий666 hlfrxbq@ya.ru 38"
The Not email error occured in line: "Ван xyuqco.ru 46"
The Not name error occured in line: "Степан!!!!1 haudkniw@ya.ru 97"
The specified age is not suitable in line: "Дмитрий rkycgpt@mail.ru 100"
The Not name error occured in line: "Пенг666 lcxemzac@gmail.com 28"
The Not name error occured in line: "Ли!!!!1 izok@mail.ru 78"
The Not name error occured in line: "Михаил666 ci@mail.ru 28"
The Not name error occured in line: "Бузова42 utzeyox@gmail.com 49"
The Not email error occured in line: "Степан jbsdgyoz.mail.ru 80"
The Not name error occured in line: "Яочуан666 pstkv@gmail.com 74"
The line does not contain one or more fields in line: ""
The line does not contain one or more fields in line: "59"
The line does not contain one or more fields in line: "19 mwsfzxffo@mail.ru"
The specified age is not suitable in line: "Геннадий lgquvjrajh@mail.ru 9"
The specified age is not suitable in line: "Ли fjg@gmail.com 9"
The specified age is not suitable in line: "Тролль zbma@ya.ru 9"
The line does not contain one or more fields in line: "101"
The Not email error occured in line: "Геннадий eqnfdntfigvam 17"
The Not name error occured in line: "Муммий!!!!1 maybgyk@ya.ru 29"
The specified age is not suitable in line: "Гнойный atnzrka@gmail.com 9"
The Not name error occured in line: "Пенг666 ct@gmail.com 15"
The specified age is not suitable in line: "Ярослав vaftsheeit@ya.ru 100"
The specified age is not suitable in line: "Тролль!!!!1 hwvpj@gmail.com 101"
The Not name error occured in line: "Мария!!!!1 xoaedtfw@gmail.com 58"
The specified age is not suitable in line: "Степан np@ya.ru 8"
The Not email error occured in line: "Пенг dqlvzgzxu 50"
The specified age is not suitable in line: "Муммий zu@ya.ru 8"
The Not email error occured in line: "Хенг salvyr 44"
The line does not contain one or more fields in line: "Земфира gidfsotke@mail.ru"
The specified age is not suitable in line: "Владимир qzf@mail.ru 101"
The specified age is not suitable in line: "Ли hovojhicdh@gmail.com 9"
The Not email error occured in line: "Чехова icfigvam 36"
The specified age is not suitable in line: "Дмитрий worhalkv@ya.ru 8"
The specified age is not suitable in line: "Джамшут toycr@gmail.com 100"
The specified age is not suitable in line: "Волочкова bhihrlbxu@ya.ru 101"
The Not name error occured in line: "Ольга42 jlp@gmail.com 51"
The Not email error occured in line: "Степан zjmjfigvam 64"
Prohibited characters are used in the age field in line: "Ли 63 ijy@mail.ru"
The Not name error occured in line: "Бузова42 ektbpz@gmail.com 26"
The Not email error occured in line: "Ли db.mail.ru 94"
Prohibited characters are used in the age field in line: "Тролль 57 xvl@mail.ru"
The specified age is not suitable in line: "Равшан sqbfbr@ya.ru 8"
The Not name error occured in line: "Сянцзян666 eg@gmail.com 19"
The line does not contain one or more fields in line: ""
The specified age is not suitable in line: "Джигурда ti 9"
The specified age is not suitable in line: "Чехова trzmfalpx@ya.ru 9"
The Not name error occured in line: "Яочуан42 ytxttprtyu@mail.ru 84"
The Not email error occured in line: "Ольга mpmj.ru 72"
The Not email error occured in line: "Ольга vwujloyv 99"
The Not email error occured in line: "Хенг thus.ru 82"
The specified age is not suitable in line: "Ван ewqk@mail.ru 9"
The Not email error occured in line: "Волочкова wkaizmvrir.mail.ru 88"
Prohibited characters are used in the age field in line: "Нагиев 43 iiodjj@gmail.com"
The line does not contain one or more fields in line: "86"
The specified age is not suitable in line: "Ольга inblsue@mail.ru 7"
The line does not contain one or more fields in line: "27"
The Not name error occured in line: "Ван42 tycx@gmail.com 81"
The specified age is not suitable in line: "Равшан szippc@mail.ru 101"
The line does not contain one or more fields in line: ""
The Not name error occured in line: "Михаил666 gsgzqswkp@ya.ru 60"
The Not email error occured in line: "Чехова kykhha.mail.ru 15"
The Not email error occured in line: "Степан pulcbsxuf 21"
The Not name error occured in line: "Геннадий!!!!1 ulffna@gmail.com 74"
The Not name error occured in line: "Артём!!!!1 neuxmabtmm@mail.ru 94"
The specified age is not suitable in line: "Гнойный xzddpgpg@ya.ru 100"
The line does not contain one or more fields in line: ""
The specified age is not suitable in line: "Волочкова faagm@ya.ru 101"
The specified age is not suitable in line: "Дмитрий db@gmail.com 100"
The specified age is not suitable in line: "Геннадий elppvyupu@mail.ru 8"
The Not email error occured in line: "Анна qywvsdmp.mail.ru 90"
The line does not contain one or more fields in line: "34 myr@mail.ru"
The Not email error occured in line: "Равшан tskxkp.ru 45"
The Not name error occured in line: "Геннадий!!!!1 spgooa@ya.ru 82"
The specified age is not suitable in line: "Яочуан wlstx@gmail.com 100"
The specified age is not suitable in line: "Ольга orxjlqh@gmail.com 100"
The Not name error occured in line: "Яочуан666 mce@mail.ru 25"
Prohibited characters are used in the age field in line: "Сянцзян 97 vx@gmail.com"
The specified age is not suitable in line: "Ольга bfym@ya.ru 100"
The line does not contain one or more fields in line: "45"
The line does not contain one or more fields in line: ""
The Not email error occured in line: "Владимир kwlrgcw.ru 22"
The specified age is not suitable in line: "Ярослав irdmrg@mail.ru 9"
The Not email error occured in line: "Ольга msx.mail.ru 68"
The specified age is not suitable in line: "Чехова gwytfo@ya.ru 8"
The Not email error occured in line: "Михаил aattyffigvam 34"
The Not email error occured in line: "Тролль qcwjvtn 26"
The line does not contain one or more fields in line: "Джигурда"
The line does not contain one or more fields in line: ""
The specified age is not suitable in line: "Ли beolypulk@mail.ru 100"
The specified age is not suitable in line: "Владимир iyxmijs@ya.ru 101"
The Not email error occured in line: "Чехова uyygothzpe.mail.ru 54"
The specified age is not suitable in line: "Нагиев jutgyl@mail.ru 8"
The Not name error occured in line: "Джигурда42 mbosuaobcn@ya.ru 33"
The specified age is not suitable in line: "Пенг pnsxg@ya.ru 9"
The Not email error occured in line: "Артём jipixe.ru 19"
The Not name error occured in line: "Владимир42 pwfwj@ya.ru 21"
The Not email error occured in line: "Ли cvhczo 33"
The Not email error occured in line: "Мария efbu 77"
The Not email error occured in line: "Ли svaqehfigvam 77"
The Not name error occured in line: "Чонгкун!!!!1 gffm@gmail.com 20"
The line does not contain one or more fields in line: ""
The Not email error occured in line: "Равшан bseowqfigvam 42"
The Not name error occured in line: "Джигурда42 tznepble@ya.ru 75"
The Not email error occured in line: "Яочуан ehvolflg.mail.ru 40"
The specified age is not suitable in line: "Джамшут wevesdrh@mail.ru 8"
The specified age is not suitable in line: "Муммий yklu@gmail.com 7"
The specified age is not suitable in line: "Тролль pwtadxo@gmail.com 8"
Prohibited characters are used in the age field in line: "Гнойный 62 qeqd@ya.ru"
The Not name error occured in line: "Муммий!!!!1 wqxwzop@ya.ru 61"
The line does not contain one or more fields in line: "Нагиев"
The Not email error occured in line: "Сянцзян ko.mail.ru 43"
The specified age is not suitable in line: "Яочуан raw@mail.ru 9"
The specified age is not suitable in line: "Чехова eydej@ya.ru 101"
The Not email error occured in line: "Джамшут eayzodx 52"
The specified age is not suitable in line: "Ольга wgwuu@ya.ru 101"
The specified age is not suitable in line: "Геннадий djudzltj@mail.ru 101"
The line does not contain one or more fields in line: "Джигурда"
The specified age is not suitable in line: "Степан yejzxyf@mail.ru 9"
The line does not contain one or more fields in line: ""
The line does not contain one or more fields in line: "Волочкова 93"
The specified age is not suitable in line: "Пенг qruwcczp.ru 101"
The Not name error occured in line: "Гнойный42 slmdj@gmail.com 28"
The Not name error occured in line: "Ольга!!!!1 yaipm@gmail.com 83"
The specified age is not suitable in line: "Сянцзян pliohfbecr@mail.ru 9"
The specified age is not suitable in line: "Сянцзян lnlscrhjpe@gmail.com 101"
The Not email error occured in line: "Михаил jkdtdcgop.ru 26"
The line does not contain one or more fields in line: ""
The specified age is not suitable in line: "Нагиев fhxpea@gmail.com 101"
The line does not contain one or more fields in line: ""
The specified age is not suitable in line: "Сянцзян qadxbr@gmail.com 9"
The specified age is not suitable in line: "Муммий iqi@ya.ru 100"
The specified age is not suitable in line: "Ольга ie@mail.ru 9"
The Not email error occured in line: "Ярослав qngrtongs.mail.ru 27"
The line does not contain one or more fields in line: ""
The Not email error occured in line: "Мария dnm 42"
The Not email error occured in line: "Бузова pzxqirnp.mail.ru 97"
The specified age is not suitable in line: "Ли fkp@mail.ru 8"
The Not name error occured in line: "Земфира666 rvhajqvv@ya.ru 40"
The specified age is not suitable in line: "Ольга oivsrkk@ya.ru 7"
The Not name error occured in line: "Степан42 laydgwwjwn@mail.ru 11"
The line does not contain one or more fields in line: "Джигурда"
The specified age is not suitable in line: "Ли mavu@ya.ru 100"
The line does not contain one or more fields in line: "Тролль 54"
The Not name error occured in line: "Дмитрий!!!!1 bvkk@mail.ru 26"
The Not name error occured in line: "Равшан42 ezntle@ya.ru 37"
The specified age is not suitable in line: "Тролль fsllueom@ya.ru 9"
The specified age is not suitable in line: "Муммий ufauvx@gmail.com 9"
The specified age is not suitable in line: "Муммий wznghtc@ya.ru 100"
The Not email error occured in line: "Чонгкун hvro 22"
The specified age is not suitable in line: "Ли wqpe@ya.ru 100"
The Not email error occured in line: "Чехова zirisuryve.mail.ru 58"
The specified age is not suitable in line: "Джигурда!!!!1 dyenaemmiv@ya.ru 9"
The specified age is not suitable in line: "Ярослав zvb@gmail.com 101"
The specified age is not suitable in line: "Муммий42 sfghcwc@mail.ru 100"
The line does not contain one or more fields in line: "Ольга 53"
The line does not contain one or more fields in line: ""
The specified age is not suitable in line: "Гнойный jvqjo@ya.ru 101"
The specified age is not suitable in line: "Волочкова mwyte@gmail.com 9"
The Not email error occured in line: "Бузова zmcty 30"
The Not name error occured in line: "Джигурда42 cgmyyleo@ya.ru 62"
The Not email error occured in line: "Хенг ihswkiplw.ru 53"
The line does not contain one or more fields in line: "Чонгкун 24"
The Not email error occured in line: "Равшан jlo.mail.ru 71"
The line does not contain one or more fields in line: ""
The Not name error occured in line: "Гнойный42 ooscn@mail.ru 55"
The Not name error occured in line: "Тролль!!!!1 gyvjmzanae@gmail.com 26"
The Not name error occured in line: "Нагиев42 jrjhg@gmail.com 73"
The Not name error occured in line: "Ван42 scca@mail.ru 18"
The Not name error occured in line: "Владимир42 zphtkio@gmail.com 11"
Prohibited characters are used in the age field in line: "Ольга 98 vlhqzb@gmail.com"
The specified age is not suitable in line: "Яочуан zgfmcpz@gmail.com 7"
The Not email error occured in line: "Ярослав rgdcnbxfigvam 32"
The Not name error occured in line: "Хенг42 mgf@gmail.com 89"
The specified age is not suitable in line: "Джамшут drzi@mail.ru 101"
The specified age is not suitable in line: "Артём akttamj@ya.ru 100"
The specified age is not suitable in line: "Ван lfrvjvbihy@gmail.com 9"
The specified age is not suitable in line: "Ольга aj@mail.ru 101"
The Not email error occured in line: "Ольга hg 22"
The specified age is not suitable in line: "Муммий uddygjvo@ya.ru 7"
The specified age is not suitable in line: "Бузова fnfankwxld@ya.ru 8"
The Not email error occured in line: "Волочкова nmilvddubzfigvam 16"
The line does not contain one or more fields in line: ""
The specified age is not suitable in line: "Джамшут agicbvccqx@gmail.com 101"
The Not email error occured in line: "Чехова apiigtuhb.ru 31"
The specified age is not suitable in line: "Джамшут ufaukzgft@gmail.com 7"
The line does not contain one or more fields in line: ""
The Not name error occured in line: "Владимир!!!!1 fxjmh@gmail.com 97"
The line does not contain one or more fields in line: ""
The Not name error occured in line: "Ярослав!!!!1 wwmnsfvj@ya.ru 27"
The specified age is not suitable in line: "Мария zpcmjr@gmail.com 8"
The Not name error occured in line: "Чехова42 eezcpy@mail.ru 90"
Prohibited characters are used in the age field in line: "Михаил 28 ilehibygt@mail.ru"
Prohibited characters are used in the age field in line: "Ярослав 63 eaxnuai@ya.ru"
The Not name error occured in line: "Хенг666 onttosa@ya.ru 81"
The Not name error occured in line: "Ярослав666 vv@ya.ru 72"
Prohibited characters are used in the age field in line: "Дмитрий 34 jccinp@mail.ru"
The Not name error occured in line: "Ольга666 ibfzjk@ya.ru 91"
The Not email error occured in line: "Земфира zhrfgfpc 82"
The specified age is not suitable in line: "Нагиев gsf@gmail.com 8"
The Not name error occured in line: "Степан666 tkzvgm@mail.ru 72"
The Not name error occured in line: "Геннадий666 gev@ya.ru 89"
The specified age is not suitable in line: "Земфира lletd@mail.ru 7"
The Not name error occured in line: "Владимир666 qudalgiaqm@gmail.com 65"
The Not name error occured in line: "Владимир!!!!1 qzgghw@gmail.com 12"
The specified age is not suitable in line: "Сянцзян osopkc@gmail.com 7"
The Not email error occured in line: "Мария mnfigvam 22"
The specified age is not suitable in line: "Артём pudlfmzpwi@mail.ru 100"
The specified age is not suitable in line: "Земфира duyfg@gmail.com 7"
The Not name error occured in line: "Муммий666 bh@gmail.com 39"
The specified age is not suitable in line: "Волочкова hk@gmail.com 7"
The Not email error occured in line: "Ольга sunia.mail.ru 68"
The line does not contain one or more fields in line: ""
The Not email error occured in line: "Нагиев hekhxxlfigvam 67"
The line does not contain one or more fields in line: "79"
The line does not contain one or more fields in line: ""
The Not name error occured in line: "Ван42 xm@gmail.com 30"
The specified age is not suitable in line: "Геннадий ipddomkxs@ya.ru 100"
The specified age is not suitable in line: "Ярослав mjp@ya.ru 101"
The specified age is not suitable in line: "Степан ueubww@mail.ru 8"
The Not name error occured in line: "Ли!!!!1 srjvpum@gmail.com 65"
Prohibited characters are used in the age field in line: "Чехова 23 fogfgwr@ya.ru"
Prohibited characters are used in the age field in line: "Дмитрий 33 bewlfhvxxv@ya.ru"
The line does not contain one or more fields in line: ""
Prohibited characters are used in the age field in line: "Бузова 85 ymtcb@mail.ru"
The Not name error occured in line: "Равшан!!!!1 wxh@mail.ru 14"
The line does not contain one or more fields in line: ""
Prohibited characters are used in the age field in line: "Чонгкун 13 rqkwufl@ya.ru"
The Not name error occured in line: "Нагиев666 jebsjraw@ya.ru 61"
The Not email error occured in line: "Дмитрий xkveyjt.ru 90"
The Not name error occured in line: "Хенг!!!!1 kxp@gmail.com 62"
The Not name error occured in line: "Нагиев666 ou@mail.ru 27"
The Not email error occured in line: "Земфира abfigvam 95"
The Not email error occured in line: "Ярослав xx.mail.ru 43"
The specified age is not suitable in line: "Волочкова oefgutnvw@mail.ru 101"
The Not name error occured in line: "Яочуан666 vtkmd@ya.ru 30"
The Not name error occured in line: "Ольга42 dh@ya.ru 25"
The specified age is not suitable in line: "Ли ugbeuptrtn@ya.ru 7"
The Not name error occured in line: "Сянцзян!!!!1 eofcojuehm@ya.ru 32"
The Not email error occured in line: "Равшан ab.ru 13"
The Not name error occured in line: "Яочуан!!!!1 hrkqrm@mail.ru 80"
The Not name error occured in line: "Артём!!!!1 qafsowppis@gmail.com 43"
The Not email error occured in line: "Джигурда htufigvam 16"
The specified age is not suitable in line: "Земфира klzjeoxnq@ya.ru 100"
The specified age is not suitable in line: "Яочуан mmbbjfmwb@ya.ru 9"
The specified age is not suitable in line: "Нагиев ap@mail.ru 8"
The specified age is not suitable in line: "Ольга666 vr@mail.ru 101"
The specified age is not suitable in line: "Сянцзян nrg@gmail.com 7"
The line does not contain one or more fields in line: "62"
The specified age is not suitable in line: "Мария koieqn@mail.ru 7"
The line does not contain one or more fields in line: "Чехова 86"
The specified age is not suitable in line: "Дмитрий tdrc@gmail.com 100"
The line does not contain one or more fields in line: "Равшан"
The Not email error occured in line: "Равшан gwtfigvam 92"
The Not name error occured in line: "Мария666 fxkiz@mail.ru 66"
The Not email error occured in line: "Ли ieutg.ru 78"
The specified age is not suitable in line: "Степан egevtifebg@gmail.com 101"
The specified age is not suitable in line: "Равшан pvtwyqxc@gmail.com 8"
The line does not contain one or more fields in line: ""
The specified age is not suitable in line: "Земфира eqmwug@mail.ru 101"
The specified age is not suitable in line: "Чонгкун gysadqnc@gmail.com 8"
The line does not contain one or more fields in line: "pt@ya.ru"
The specified age is not suitable in line: "Ли luzo@gmail.com 8"
The specified age is not suitable in line: "Гнойный xyvjancymu@mail.ru 9"
The specified age is not suitable in line: "Ван fierz@gmail.com 8"
The line does not contain one or more fields in line: ""
The Not name error occured in line: "Владимир666 hjwqgntzb@gmail.com 70"
The Not name error occured in line: "Джамшут42 mutpfnzqy@mail.ru 63"
The Not email error occured in line: "Ли zauapqu.ru 32"
The Not email error occured in line: "Хенг gn.mail.ru 75"
The Not email error occured in line: "Ольга nx 57"
The specified age is not suitable in line: "Ли mydowr@ya.ru 100"
The specified age is not suitable in line: "Ли finxkaeqo@mail.ru 7"
The specified age is not suitable in line: "Артём okodti@gmail.com 9"
The specified age is not suitable in line: "Дмитрий hqgon@ya.ru 8"
The line does not contain one or more fields in line: ""
The specified age is not suitable in line: "Равшан xjsibxpos@mail.ru 8"
Prohibited characters are used in the age field in line: "Чехова 80 lsyfvzjhx@gmail.com"
The Not name error occured in line: "Чехова42 fqsgq@ya.ru 75"
The specified age is not suitable in line: "Артём irrx 8"
The specified age is not suitable in line: "Степан hnkomvo@ya.ru 8"
The specified age is not suitable in line: "Ли gggep@mail.ru 7"
Prohibited characters are used in the age field in line: "Нагиев 39 xexcn@mail.ru"
The specified age is not suitable in line: "Мария dpdkgrk@mail.ru 9"
The specified age is not suitable in line: "Чехова slouvlfjhp.mail.ru 101"
The specified age is not suitable in line: "Ольга jgsvnytwj@gmail.com 100"
The specified age is not suitable in line: "Волочкова ofkuhzxqa@mail.ru 100"
The Not email error occured in line: "Земфира vegfigvam 79"
The specified age is not suitable in line: "Степан npghipo@ya.ru 8"
The Not email error occured in line: "Анна verpjfigvam 98"
The Not email error occured in line: "Бузова hunjg 57"
The specified age is not suitable in line: "Ли wnqnnhqnu@gmail.com 100"
The specified age is not suitable in line: "Ли duejc@mail.ru 101"
The Not email error occured in line: "Гнойный jezdkxv.mail.ru 32"
The specified age is not suitable in line: "Хенг texclyvv@ya.ru 7"
The line does not contain one or more fields in line: ""
The Not email error occured in line: "Равшан dhoyzo.mail.ru 59"
The specified age is not suitable in line: "Равшан hhwldj@mail.ru 101"
Prohibited characters are used in the age field in line: "Нагиев 32 ddqkqncsc@mail.ru"
The specified age is not suitable in line: "Геннадий gku@mail.ru 100"
The Not email error occured in line: "Ван vv.ru 28"
The Not email error occured in line: "Михаил mqfigvam 42"
The specified age is not suitable in line: "Геннадий ztwc@gmail.com 101"
The line does not contain one or more fields in line: "Сянцзян"
The specified age is not suitable in line: "Джигурда ddvn@mail.ru 101"
The line does not contain one or more fields in line: "40 vdetvumek@gmail.com"
The specified age is not suitable in line: "Хенг wnnokxhfi@ya.ru 7"
The specified age is not suitable in line: "Ярослав lbywftp@mail.ru 9"
The specified age is not suitable in line: "Земфира vuzzvyh@gmail.com 9"
The specified age is not suitable in line: "Ван lpu@ya.ru 101"
The specified age is not suitable in line: "Яочуан yuz@gmail.com 9"
The specified age is not suitable in line: "Джамшут rfaxstwl@ya.ru 7"
The Not email error occured in line: "Анна anfh 36"
The line does not contain one or more fields in line: ""
Prohibited characters are used in the age field in line: "Владимир 79 jwnhvvd@mail.ru"
The specified age is not suitable in line: "Ли omk@ya.ru 7"
The Not name error occured in line: "Земфира42 xsxj@mail.ru 91"
The Not email error occured in line: "Степан zhbrwwfigvam 90"
The specified age is not suitable in line: "Ли ati@gmail.com 100"
The specified age is not suitable in line: "Ли pinle@mail.ru 101"
The Not email error occured in line: "Бузова fgmdzbhhus.mail.ru 84"
The Not email error occured in line: "Владимир xvrxzprb.ru 66"
The Not email error occured in line: "Ли xltzkbtd 29"
The Not email error occured in line: "Степан faydat 39"
The Not email error occured in line: "Степан nlfigvam 18"
The line does not contain one or more fields in line: ""
The specified age is not suitable in line: "Чехова zlwudasr@ya.ru 9"
The Not name error occured in line: "Земфира666 otxxpaiu@ya.ru 69"
The Not email error occured in line: "Бузова rdvhta.mail.ru 73"
The Not email error occured in line: "Сянцзян cvb 34"
The Not email error occured in line: "Артём ug 19"
The specified age is not suitable in line: "Джамшут lgwoaerkg@gmail.com 101"
The line does not contain one or more fields in line: "vcbqv@mail.ru"
The Not email error occured in line: "Джамшут qnju 15"
The specified age is not suitable in line: "Волочкова vbw@ya.ru 7"
The Not email error occured in line: "Чехова hymvrilgca.ru 29"
The specified age is not suitable in line: "Чехова xzxezuwdo@mail.ru 8"
The specified age is not suitable in line: "Михаил kpwnmczyg@ya.ru 7"
The specified age is not suitable in line: "Сянцзян ddsto@mail.ru 9"
The Not email error occured in line: "Земфира jiul 26"
The line does not contain one or more fields in line: "Хенг wdigvfokm@mail.ru"
The specified age is not suitable in line: "Равшан hjleuh@gmail.com 7"
The specified age is not suitable in line: "Тролль zlivjohx@ya.ru 100"
The Not email error occured in line: "Артём wsqxhe.mail.ru 59"
The line does not contain one or more fields in line: ""
The specified age is not suitable in line: "Артём grhwwz@gmail.com 9"
The Not email error occured in line: "Чонгкун hcfuvw 87"
The specified age is not suitable in line: "Ольга ia@gmail.com 8"
The specified age is not suitable in line: "Степан ay@ya.ru 8"
The specified age is not suitable in line: "Чонгкун wrmis@ya.ru 101"
Prohibited characters are used in the age field in line: "Геннадий 60 qe@mail.ru"
The line does not contain one or more fields in line: "Ольга"
The specified age is not suitable in line: "Анна aqkdbkyeb@gmail.com 9"
The Not email error occured in line: "Владимир wv.ru 69"
The Not name error occured in line: "Анна42 ed@mail.ru 17"
The specified age is not suitable in line: "Бузова xoyg@mail.ru 7"
The specified age is not suitable in line: "Джамшут depp@gmail.com 100"
The Not name error occured in line: "Муммий!!!!1 scqo@mail.ru 94"
The specified age is not suitable in line: "Владимир grrnerwhl@ya.ru 101"
The specified age is not suitable in line: "Ли vjarik@ya.ru 7"
The line does not contain one or more fields in line: "Джамшут 34"
The specified age is not suitable in line: "Яочуан kcbataacan@ya.ru 100"
The line does not contain one or more fields in line: ""
The Not email error occured in line: "Тролль vfgb.mail.ru 60"
The Not email error occured in line: "Сянцзян ep.mail.ru 58"
The specified age is not suitable in line: "Хенг qgonstc@mail.ru 7"
The Not name error occured in line: "Джигурда!!!!1 xpomzztfou@mail.ru 64"
The specified age is not suitable in line: "Анна qcsrfjho@ya.ru 100"
The Not email error occured in line: "Анна whlbfloq.mail.ru 93"
The line does not contain one or more fields in line: ""
The Not name error occured in line: "Михаил666 kssuv@gmail.com 99"
The specified age is not suitable in line: "Ли ivmjtzik@ya.ru 101"
The Not email error occured in line: "Волочкова lulntpfigvam 26"
The specified age is not suitable in line: "Чонгкун ogoujvw@mail.ru 7"
The Not name error occured in line: "Волочкова666 qpaiijbtfigvam 55"
The Not email error occured in line: "Чехова twfaumdygs 33"
The Not name error occured in line: "Ван42 vpvya@ya.ru 15"
The line does not contain one or more fields in line: "Дмитрий py@gmail.com"
The specified age is not suitable in line: "Пенг qwenv@gmail.com 101"
The Not name error occured in line: "Анна666 zvuc@gmail.com 25"
Prohibited characters are used in the age field in line: "Геннадий 10 sdnri@mail.ru"
The specified age is not suitable in line: "Гнойный fj@mail.ru 101"
The specified age is not suitable in line: "Муммий vksqce@mail.ru 8"
The specified age is not suitable in line: "Чехова jewi@gmail.com 100"
The specified age is not suitable in line: "Волочкова ojzvn@mail.ru 8"
The line does not contain one or more fields in line: "Геннадий 77"
Prohibited characters are used in the age field in line: "Сянцзян 97 xangyo@ya.ru"
The specified age is not suitable in line: "Гнойный jproimqazq@gmail.com 7"
The Not email error occured in line: "Анна hwqdzkt 85"
The line does not contain one or more fields in line: "Пенг ft@mail.ru"
The specified age is not suitable in line: "Ли rpsbjxcidy@ya.ru 8"
The specified age is not suitable in line: "Геннадий jrfxflls@ya.ru 101"
Prohibited characters are used in the age field in line: "Чонгкун 51 gaugtep@mail.ru"
The specified age is not suitable in line: "Геннадий xdrmu@mail.ru 9"
The line does not contain one or more fields in line: "Джамшут 63"
The specified age is not suitable in line: "Дмитрий imkjxt@gmail.com 100"
The Not email error occured in line: "Хенг flsiogmwfv.mail.ru 60"
The specified age is not suitable in line: "Степан cwpxzmvcys@mail.ru 100"
The specified age is not suitable in line: "Волочкова ccni@gmail.com 100"
The line does not contain one or more fields in line: "Джамшут"
The Not email error occured in line: "Хенг rlbvvaq 21"
The specified age is not suitable in line: "Анна qi@ya.ru 101"
The specified age is not suitable in line: "Джамшут bumqppdlj@mail.ru 101"
The Not email error occured in line: "Тролль sw 54"
The specified age is not suitable in line: "Джамшут qtm@mail.ru 100"
The Not name error occured in line: "Джигурда42 byuxfoyigk@ya.ru 21"
The Not email error occured in line: "Ли ykpenvzfigvam 39"
The line does not contain one or more fields in line: "98"
The Not email error occured in line: "Земфира azxq 82"
The specified age is not suitable in line: "Ли yaagqzrje@gmail.com 101"
The specified age is not suitable in line: "Артём by@gmail.com 101"
The specified age is not suitable in line: "Яочуан bpn@ya.ru 8"
The specified age is not suitable in line: "Чонгкун sayoo@ya.ru 100"
The Not name error occured in line: "Яочуан42 zihdblwz@mail.ru 98"
The specified age is not suitable in line: "Ольга hrvxhaieg@mail.ru 101"
The specified age is not suitable in line: "Чехова ieiq@gmail.com 100"
The specified age is not suitable in line: "Владимир edx@ya.ru 100"
The Not email error occured in line: "Равшан mdza.ru 94"
The line does not contain one or more fields in line: "61"
The Not name error occured in line: "Джамшут666 kjw@gmail.com 25"
The specified age is not suitable in line: "Бузова uri@mail.ru 8"
The specified age is not suitable in line: "Гнойный dbvk@mail.ru 100"
The specified age is not suitable in line: "Ван rgjaqkqs@gmail.com 8"
The specified age is not suitable in line: "Волочкова mnu@mail.ru 8"
The Not name error occured in line: "Ли42 vqffrrlfh@gmail.com 99"
The Not name error occured in line: "Тролль666 se@mail.ru 52"
The specified age is not suitable in line: "Дмитрий xayinimkz@mail.ru 7"
